573435640
337983069
556570894
646158956
345736039
277449146
575336672
643456781
645564136
602675068
344601083
559935336
295161680
337455049
85424165
643901149
530000097
525229824
578317029
575560154
264394656
573681412
501977703
556435264
526394935
640435960
525306319
345714879
346379319
346601220
349476999
349441208
335269398
287661650
523300383
521572543
520789427
520556928
520536607
196993159
112711154
121562576
107301822
110964914
293907572
296692083
335956895
232679928
645827877
646025220
646152873
646081328
645798973
645384444
646027123
646024988
641160025
645387053
645285145
645318456
645226264
645660994
645692967
640606491
639742444
641555469
645636642
645574312
645550181
645559772
645792996
645883522
645753864
646077294
646030808
646161261
646123430
646210117
646258544
645922182
645735972
646036903
645509842
643949903
646170378
645869332
640829194
638580593
646336386
645371347
644960591
645829884
645973302
64